#-----------------------------------------------------------
# sdaccel v2015.3 (64-bit)
# SW Build 1401868 on Wed Nov  4 16:34:39 MST 2015
# 
# Start of session at: Tue Jul  5 14:49:01 2016
# Process ID: 16467
# Current directory: /home/roozmeh/Desktop/Quicksort
# Command line: sdaccel -source quicksort.tcl -mode batch -notrace
# Log file: /home/roozmeh/Desktop/Quicksort/sdaccel.log
# Journal file: /home/roozmeh/Desktop/Quicksort/sdaccel.jou
#-----------------------------------------------------------
source quicksort.tcl -notrace
INFO: [SDAccel 60-409] Creating solution...
INFO: [SDAccel 60-408]   Solution Name: 'solution_fpga'
INFO: [SDAccel 60-407]   Solution Dir: '.'
INFO: [SDAccel 60-234] Added host file: '/home/roozmeh/Desktop/Quicksort/host_quicksort.cpp'
INFO: [SDAccel 60-242] Creating kernel: 'lqsort_kernel'
INFO: [SDAccel 60-234] Added kernel file: '/home/roozmeh/Desktop/Quicksort/QuicksortKernels.cl'
INFO: [SDAccel 60-242] Creating kernel: 'gqsort_kernel'
INFO: [SDAccel 60-234] Added kernel file: '/home/roozmeh/Desktop/Quicksort/QuicksortKernels.cl'
INFO: [SDAccel 60-240] Creating binary container: 'Quicksort'
INFO: [SDAccel 60-423]   Target device: xilinx:adm-pcie-7v3:1ddr:2.0
INFO: [SDAccel 60-241] Creating compute unit for binary container 'Quicksort' using platform '1ddr'...
INFO: [SDAccel 60-241] Creating compute unit for binary container 'Quicksort' using platform '1ddr'...
INFO: [SDAccel 60-238] Compiling host...
ERROR: [Common 17-1309] Gcc: /home/roozmeh/Desktop/Quicksort/OpenCLUtils.h:151:‘cl_queue_properties’ was not declared in this scope
ERROR: [Common 17-1309] Gcc: /home/roozmeh/Desktop/Quicksort/OpenCLUtils.h:151:expected ‘;’ before ‘qprop’
ERROR: [Common 17-1309] Gcc: /home/roozmeh/Desktop/Quicksort/OpenCLUtils.h:153:‘qprop’ was not declared in this scope
ERROR: [Common 17-1309] Gcc: /home/roozmeh/Desktop/Quicksort/OpenCLUtils.h:153:expected primary-expression before ‘]’ token
ERROR: [Common 17-1309] Gcc: /home/roozmeh/Desktop/Quicksort/OpenCLUtils.h:153:‘CL_QUEUE_SIZE’ was not declared in this scope
ERROR: [Common 17-1309] Gcc: /home/roozmeh/Desktop/Quicksort/OpenCLUtils.h:153:‘CL_QUEUE_ON_DEVICE’ was not declared in this scope
ERROR: [Common 17-1309] Gcc: /home/roozmeh/Desktop/Quicksort/OpenCLUtils.h:153:‘CL_QUEUE_ON_DEVICE_DEFAULT’ was not declared in this scope
WARNING: [Common 17-1309] Gcc: /home/roozmeh/Desktop/Quicksort/OpenCLUtils.h:153:extended initializer lists only available with -std=c++0x or -std=gnu++0x [enabled by default]
ERROR: [Common 17-1309] Gcc: /home/roozmeh/Desktop/Quicksort/OpenCLUtils.h:155:‘clCreateCommandQueueWithProperties’ was not declared in this scope
ERROR: [Common 17-1309] Gcc: /home/roozmeh/Desktop/Quicksort/host_quicksort.cpp:287:there are no arguments to ‘max’ that depend on a template parameter, so a declaration of ‘max’ must be available [-fpermissive]
ERROR: [Common 17-1309] Gcc: /home/roozmeh/Desktop/Quicksort/host_quicksort.cpp:306:‘it’ does not name a type
ERROR: [Common 17-1309] Gcc: /home/roozmeh/Desktop/Quicksort/host_quicksort.cpp:306:expected ‘;’ before ‘it’
ERROR: [Common 17-1309] Gcc: /home/roozmeh/Desktop/Quicksort/host_quicksort.cpp:306:‘it’ was not declared in this scope
ERROR: [Common 17-1309] Gcc: /home/roozmeh/Desktop/Quicksort/host_quicksort.cpp:307:there are no arguments to ‘max’ that depend on a template parameter, so a declaration of ‘max’ must be available [-fpermissive]
ERROR: [Common 17-1309] Gcc: /home/roozmeh/Desktop/Quicksort/host_quicksort.cpp:309:‘it’ does not name a type
ERROR: [Common 17-1309] Gcc: /home/roozmeh/Desktop/Quicksort/host_quicksort.cpp:309:expected ‘;’ before ‘it’
ERROR: [Common 17-1309] Gcc: /home/roozmeh/Desktop/Quicksort/host_quicksort.cpp:309:‘it’ was not declared in this scope
ERROR: [Common 17-1309] Gcc: /home/roozmeh/Desktop/Quicksort/host_quicksort.cpp:333:‘it’ does not name a type
ERROR: [Common 17-1309] Gcc: /home/roozmeh/Desktop/Quicksort/host_quicksort.cpp:333:expected ‘;’ before ‘it’
ERROR: [Common 17-1309] Gcc: /home/roozmeh/Desktop/Quicksort/host_quicksort.cpp:333:‘it’ was not declared in this scope
ERROR: [Common 17-1309] Gcc: /home/roozmeh/Desktop/Quicksort/host_quicksort.cpp:345:‘it’ does not name a type
ERROR: [Common 17-1309] Gcc: /home/roozmeh/Desktop/Quicksort/host_quicksort.cpp:345:expected ‘;’ before ‘it’
ERROR: [Common 17-1309] Gcc: /home/roozmeh/Desktop/Quicksort/host_quicksort.cpp:345:‘it’ was not declared in this scope
ERROR: [Common 17-1309] Gcc: /home/roozmeh/Desktop/Quicksort/host_quicksort.cpp:371:‘LARGE_INTEGER’ was not declared in this scope
ERROR: [Common 17-1309] Gcc: /home/roozmeh/Desktop/Quicksort/host_quicksort.cpp:371:expected ‘;’ before ‘beginClock’
ERROR: [Common 17-1309] Gcc: /home/roozmeh/Desktop/Quicksort/host_quicksort.cpp:372:‘clockFreq’ was not declared in this scope
ERROR: [Common 17-1309] Gcc: /home/roozmeh/Desktop/Quicksort/host_quicksort.cpp:372:‘QueryPerformanceFrequency’ was not declared in this scope
ERROR: [Common 17-1309] Gcc: /home/roozmeh/Desktop/Quicksort/host_quicksort.cpp:380:‘_aligned_malloc’ was not declared in this scope
WARNING: [Common 17-1309] Gcc: /home/roozmeh/Desktop/Quicksort/host_quicksort.cpp:383:lambda expressions only available with -std=c++0x or -std=gnu++0x [enabled by default]
ERROR: [Common 17-1309] Gcc: /home/roozmeh/Desktop/Quicksort/host_quicksort.cpp:383:no matching function for call to ‘generate(uint*&, uint*, main(int, char**)::<lambda()>)’
ERROR: [Common 17-1309] Gcc: /home/roozmeh/Desktop/Quicksort/host_quicksort.cpp:389:‘beginClock’ was not declared in this scope
ERROR: [Common 17-1309] Gcc: /home/roozmeh/Desktop/Quicksort/host_quicksort.cpp:389:‘QueryPerformanceCounter’ was not declared in this scope
ERROR: [Common 17-1309] Gcc: /home/roozmeh/Desktop/Quicksort/host_quicksort.cpp:391:‘endClock’ was not declared in this scope
ERROR: [Common 17-1309] Gcc: /home/roozmeh/Desktop/Quicksort/host_quicksort.cpp:479:‘min’ was not declared in this scope
ERROR: [Common 17-1309] Gcc: /home/roozmeh/Desktop/Quicksort/host_quicksort.cpp:480:‘max’ was not declared in this scope
ERROR: [Common 17-1309] Gcc: /home/roozmeh/Desktop/Quicksort/host_quicksort.cpp:495:‘Sleep’ was not declared in this scope
ERROR: [Common 17-1309] Gcc: /home/roozmeh/Desktop/Quicksort/host_quicksort.cpp:497:‘_aligned_free’ was not declared in this scope
ERROR: [Common 17-1309] Gcc: /home/roozmeh/Desktop/Quicksort/host_quicksort.cpp:453:49:   instantiated from here
ERROR: [Common 17-1309] Gcc: /home/roozmeh/Desktop/Quicksort/host_quicksort.cpp:287:‘max’ was not declared in this scope
ERROR: [SDAccel 60-399] Compiling host source failed, please see log file for detail: '/home/roozmeh/Desktop/Quicksort/solution_fpga/impl/host/x86_64/host.gpp.log'
ERROR: [Common 17-70] Application Exception: Compiling host source
INFO: [Common 17-206] Exiting sdaccel at Tue Jul  5 14:49:02 2016...
